jaffrey@diffengine:~/research/irrelevant_data_access/tpch_3_0_1/dbgen$ make MACHINE=LINUX DATABASE=POSTGRESQL
gcc -g -DDBNAME=\"dss\" -DLINUX -DPOSTGRESQL -DTPCH -DRNG_TEST -D_FILE_OFFSET_BITS=64    -c -o build.o build.c
In file included from build.c:45:
build.c: In function ‘mk_time’:
dss.h:488:14: warning: format ‘%d’ expects argument of type ‘int’, but argument 3 has type ‘long int’ [-Wformat=]
  488 | sprintf(tgt, "19%02d-%02d-%02d", yr, mn, dy)
      |              ^~~~~~~~~~~~~~~~~~
build.c:420:9: note: in expansion of macro ‘PR_DATE’
  420 |         PR_DATE(t->alpha, y, m,
      |         ^~~~~~~
dss.h:488:20: note: format string is defined here
  488 | sprintf(tgt, "19%02d-%02d-%02d", yr, mn, dy)
      |                 ~~~^
      |                    |
      |                    int
      |                 %02ld
dss.h:488:14: warning: format ‘%d’ expects argument of type ‘int’, but argument 4 has type ‘long int’ [-Wformat=]
  488 | sprintf(tgt, "19%02d-%02d-%02d", yr, mn, dy)
      |              ^~~~~~~~~~~~~~~~~~
build.c:420:9: note: in expansion of macro ‘PR_DATE’
  420 |         PR_DATE(t->alpha, y, m,
      |         ^~~~~~~
dss.h:488:25: note: format string is defined here
  488 | sprintf(tgt, "19%02d-%02d-%02d", yr, mn, dy)
      |                      ~~~^
      |                         |
      |                         int
      |                      %02ld
dss.h:488:14: warning: format ‘%d’ expects argument of type ‘int’, but argument 5 has type ‘long int’ [-Wformat=]
  488 | sprintf(tgt, "19%02d-%02d-%02d", yr, mn, dy)
      |              ^~~~~~~~~~~~~~~~~~
build.c:420:9: note: in expansion of macro ‘PR_DATE’
  420 |         PR_DATE(t->alpha, y, m,
      |         ^~~~~~~
dss.h:488:30: note: format string is defined here
  488 | sprintf(tgt, "19%02d-%02d-%02d", yr, mn, dy)
      |                           ~~~^
      |                              |
      |                              int
      |                           %02ld
gcc -g -DDBNAME=\"dss\" -DLINUX -DPOSTGRESQL -DTPCH -DRNG_TEST -D_FILE_OFFSET_BITS=64    -c -o driver.o driver.c
driver.c: In function ‘gen_tbl’:
driver.c:368:62: warning: format ‘%ld’ expects argument of type ‘long int’, but argument 3 has type ‘long long int’ [-Wformat=]
  368 |                         printf("\nSeeds for %s at rowcount %ld\n", tdefs[tnum].comment, i);
      |                                                            ~~^                          ~
      |                                                              |                          |
      |                                                              long int                   long long int
      |                                                            %lld
driver.c: In function ‘partial’:
driver.c:428:67: warning: format ‘%d’ expects argument of type ‘int’, but argument 4 has type ‘long int’ [-Wformat=]
  428 |                 fprintf (stderr, "\tStarting to load stage %d of %d for %s...",
      |                                                                  ~^
      |                                                                   |
      |                                                                   int
      |                                                                  %ld
  429 |                         s, children, tdefs[tbl].comment);
      |                            ~~~~~~~~                                
      |                            |
      |                            long int
driver.c: In function ‘main’:
driver.c:754:59: warning: format ‘%d’ expects argument of type ‘int’, but argument 3 has type ‘long int’ [-Wformat=]
  754 |                                 "Generating update pair #%d for %s",
      |                                                          ~^
      |                                                           |
      |                                                           int
      |                                                          %ld
  755 |                                 upd_num + 1, tdefs[ORDER_LINE].comment);
      |                                 ~~~~~~~~~~~                
      |                                         |
      |                                         long int
gcc -g -DDBNAME=\"dss\" -DLINUX -DPOSTGRESQL -DTPCH -DRNG_TEST -D_FILE_OFFSET_BITS=64    -c -o bm_utils.o bm_utils.c
bm_utils.c: In function ‘tbl_open’:
bm_utils.c:406:67: warning: ‘%s’ directive writing up to 255 bytes into a region of size 231 [-Wformat-overflow=]
  406 |                         sprintf(prompt, "Do you want to overwrite %s ?", fullpath);
      |                                                                   ^~     ~~~~~~~~
bm_utils.c:406:25: note: ‘sprintf’ output between 28 and 283 bytes into a destination of size 256
  406 |                         sprintf(prompt, "Do you want to overwrite %s ?", fullpath);
      |                         ^~~~~~~~~~~~~~~~~~~~~~~~~~~~~~~~~~~~~~~~~~~~~~~~~~~~~~~~~~
gcc -g -DDBNAME=\"dss\" -DLINUX -DPOSTGRESQL -DTPCH -DRNG_TEST -D_FILE_OFFSET_BITS=64    -c -o rnd.o rnd.c
rnd.c: In function ‘row_stop’:
rnd.c:131:83: warning: format ‘%d’ expects argument of type ‘int’, but argument 4 has type ‘long long int’ [-Wformat=]
  131 |                                 fprintf(stderr, "\nSEED CHANGE: seed[%d].usage = %d\n",
      |                                                                                  ~^
      |                                                                                   |
      |                                                                                   int
      |                                                                                  %lld
  132 |                                         i, Seed[i].usage);
      |                                            ~~~~~~~~~~~~~                           
      |                                                   |
      |                                                   long long int
rnd.c: In function ‘dump_seeds’:
rnd.c:154:38: warning: format ‘%ld’ expects argument of type ‘long int’, but argument 3 has type ‘long long int’ [-Wformat=]
  154 |                         printf("%d(%ld):\t%ld\n", i, Seed[i].nCalls, Seed[i].value);
      |                                    ~~^               ~~~~~~~~~~~~~~
      |                                      |                      |
      |                                      long int               long long int
      |                                    %lld
rnd.c:154:45: warning: format ‘%ld’ expects argument of type ‘long int’, but argument 4 has type ‘long long int’ [-Wformat=]
  154 |                         printf("%d(%ld):\t%ld\n", i, Seed[i].nCalls, Seed[i].value);
      |                                           ~~^                        ~~~~~~~~~~~~~
      |                                             |                               |
      |                                             long int                        long long int
      |                                           %lld
gcc -g -DDBNAME=\"dss\" -DLINUX -DPOSTGRESQL -DTPCH -DRNG_TEST -D_FILE_OFFSET_BITS=64    -c -o print.o print.c
print.c: In function ‘dbg_print’:
print.c:138:36: warning: format ‘%ld’ expects argument of type ‘long int’, but argument 3 has type ‘int’ [-Wformat=]
  138 |                 fprintf(target, "%ld.%02ld", dollars, cents);
      |                                  ~~^         ~~~~~~~
      |                                    |         |
      |                                    long int  int
      |                                  %d
print.c:138:42: warning: format ‘%ld’ expects argument of type ‘long int’, but argument 4 has type ‘int’ [-Wformat=]
  138 |                 fprintf(target, "%ld.%02ld", dollars, cents);
      |                                      ~~~~^            ~~~~~
      |                                          |            |
      |                                          long int     int
      |                                      %02d
gcc -g -DDBNAME=\"dss\" -DLINUX -DPOSTGRESQL -DTPCH -DRNG_TEST -D_FILE_OFFSET_BITS=64    -c -o load_stub.o load_stub.c
gcc -g -DDBNAME=\"dss\" -DLINUX -DPOSTGRESQL -DTPCH -DRNG_TEST -D_FILE_OFFSET_BITS=64    -c -o bcd2.o bcd2.c
gcc -g -DDBNAME=\"dss\" -DLINUX -DPOSTGRESQL -DTPCH -DRNG_TEST -D_FILE_OFFSET_BITS=64    -c -o speed_seed.o speed_seed.c
gcc -g -DDBNAME=\"dss\" -DLINUX -DPOSTGRESQL -DTPCH -DRNG_TEST -D_FILE_OFFSET_BITS=64    -c -o text.o text.c
gcc -g -DDBNAME=\"dss\" -DLINUX -DPOSTGRESQL -DTPCH -DRNG_TEST -D_FILE_OFFSET_BITS=64    -c -o permute.o permute.c
gcc -g -DDBNAME=\"dss\" -DLINUX -DPOSTGRESQL -DTPCH -DRNG_TEST -D_FILE_OFFSET_BITS=64    -c -o rng64.o rng64.c
gcc -g -DDBNAME=\"dss\" -DLINUX -DPOSTGRESQL -DTPCH -DRNG_TEST -D_FILE_OFFSET_BITS=64  -O -o dbgen build.o driver.o bm_utils.o rnd.o print.o load_stub.o bcd2.o speed_seed.o text.o permute.o rng64.o -lm
gcc -g -DDBNAME=\"dss\" -DLINUX -DPOSTGRESQL -DTPCH -DRNG_TEST -D_FILE_OFFSET_BITS=64    -c -o qgen.o qgen.c
In file included from qgen.c:41:
qgen.c: In function ‘qsub’:
tpcd.h:60:19: warning: zero-length gnu_printf format string [-Wformat-zero-length]
   60 | #define SET_DBASE ""
      |                   ^~
qgen.c:197:38: note: in expansion of macro ‘SET_DBASE’
  197 |                         fprintf(ofp, SET_DBASE, db_name);
      |                                      ^~~~~~~~~
qgen.c: In function ‘main’:
qgen.c:456:34: warning: format ‘%d’ expects argument of type ‘int’, but argument 3 has type ‘long int’ [-Wformat=]
  456 |                 sprintf(qname, "%d", SEQUENCE(snum, atoi(av[i])));
      |                                 ~^
      |                                  |
      |                                  int
      |                                 %ld
qgen.c:463:34: warning: format ‘%d’ expects argument of type ‘int’, but argument 3 has type ‘long int’ [-Wformat=]
  463 |                 sprintf(qname, "%d", SEQUENCE(snum, i));
      |                                 ~^
      |                                  |
      |                                  int
      |                                 %ld
gcc -g -DDBNAME=\"dss\" -DLINUX -DPOSTGRESQL -DTPCH -DRNG_TEST -D_FILE_OFFSET_BITS=64    -c -o varsub.o varsub.c
gcc -g -DDBNAME=\"dss\" -DLINUX -DPOSTGRESQL -DTPCH -DRNG_TEST -D_FILE_OFFSET_BITS=64  -O -o qgen build.o bm_utils.o qgen.o rnd.o varsub.o text.o bcd2.o permute.o speed_seed.o rng64.o -lm