jaffrey@diffengine:~/research/irrelevant_data_access$ bash install_pgadmin4.sh 
[sudo] password for jaffrey: 
Get:1 https://cli.github.com/packages stable InRelease [3,917 B]
Err:1 https://cli.github.com/packages stable InRelease                                                                                                                            
  The following signatures couldn't be verified because the public key is not available: NO_PUBKEY 23F3D4EA75716059
Hit:2 http://apt.postgresql.org/pub/repos/apt jammy-pgdg InRelease                                                                                                       
Hit:3 https://dl.google.com/linux/chrome/deb stable InRelease                                                                                                            
Hit:4 http://security.ubuntu.com/ubuntu jammy-security InRelease                                                                                                    
Get:5 https://mega.nz/linux/repo/xUbuntu_22.04 ./ InRelease [2,961 B]                                                  
Hit:6 http://in.archive.ubuntu.com/ubuntu jammy InRelease                                                                                
Hit:7 http://in.archive.ubuntu.com/ubuntu jammy-updates InRelease                                                                                                                 
Get:8 http://in.archive.ubuntu.com/ubuntu jammy-backports InRelease [108 kB]                                                                                                      
Get:9 https://ftp.postgresql.org/pub/pgadmin/pgadmin4/apt/jammy pgadmin4 InRelease [4,217 B]                                                                                      
Get:10 https://ftp.postgresql.org/pub/pgadmin/pgadmin4/apt/jammy pgadmin4/main all Packages [2,357 B]                                                                             
Get:11 https://ftp.postgresql.org/pub/pgadmin/pgadmin4/apt/jammy pgadmin4/main amd64 Packages [4,276 B]                                                                           
Ign:12 https://ppa.launchpadcontent.net/danielrichter2007/grub-customizer/ubuntu jammy InRelease                                                                                  
Ign:13 https://ppa.launchpadcontent.net/git-core/ppa/ubuntu jammy InRelease
Ign:14 https://ppa.launchpadcontent.net/ubuntu-desktop/ubuntu-make/ubuntu jammy InRelease
Ign:12 https://ppa.launchpadcontent.net/danielrichter2007/grub-customizer/ubuntu jammy InRelease
Ign:13 https://ppa.launchpadcontent.net/git-core/ppa/ubuntu jammy InRelease
Ign:14 https://ppa.launchpadcontent.net/ubuntu-desktop/ubuntu-make/ubuntu jammy InRelease
Ign:12 https://ppa.launchpadcontent.net/danielrichter2007/grub-customizer/ubuntu jammy InRelease
Ign:13 https://ppa.launchpadcontent.net/git-core/ppa/ubuntu jammy InRelease
Ign:14 https://ppa.launchpadcontent.net/ubuntu-desktop/ubuntu-make/ubuntu jammy InRelease
Err:12 https://ppa.launchpadcontent.net/danielrichter2007/grub-customizer/ubuntu jammy InRelease
  Cannot initiate the connection to ppa.launchpadcontent.net:443 (2620:2d:4000:1::3e). - connect (101: Network is unreachable) Could not connect to ppa.launchpadcontent.net:443 (185.125.190.52), connection timed out
Err:13 https://ppa.launchpadcontent.net/git-core/ppa/ubuntu jammy InRelease
  Cannot initiate the connection to ppa.launchpadcontent.net:443 (2620:2d:4000:1::3e). - connect (101: Network is unreachable)
Err:14 https://ppa.launchpadcontent.net/ubuntu-desktop/ubuntu-make/ubuntu jammy InRelease
  Cannot initiate the connection to ppa.launchpadcontent.net:443 (2620:2d:4000:1::3e). - connect (101: Network is unreachable)
Fetched 122 kB in 41s (2,939 B/s)
Reading package lists... Done
Building dependency tree... Done
Reading state information... Done
281 packages can be upgraded. Run 'apt list --upgradable' to see them.
W: An error occurred during the signature verification. The repository is not updated and the previous index files will be used. GPG error: https://cli.github.com/packages stable InRelease: The following signatures couldn't be verified because the public key is not available: NO_PUBKEY 23F3D4EA75716059
N: Skipping acquire of configured file 'main/binary-i386/Packages' as repository 'http://apt.postgresql.org/pub/repos/apt jammy-pgdg InRelease' doesn't support architecture 'i386'
W: Failed to fetch https://ppa.launchpadcontent.net/danielrichter2007/grub-customizer/ubuntu/dists/jammy/InRelease  Cannot initiate the connection to ppa.launchpadcontent.net:443 (2620:2d:4000:1::3e). - connect (101: Network is unreachable) Could not connect to ppa.launchpadcontent.net:443 (185.125.190.52), connection timed out
W: Failed to fetch https://ppa.launchpadcontent.net/git-core/ppa/ubuntu/dists/jammy/InRelease  Cannot initiate the connection to ppa.launchpadcontent.net:443 (2620:2d:4000:1::3e). - connect (101: Network is unreachable)
W: Failed to fetch https://cli.github.com/packages/dists/stable/InRelease  The following signatures couldn't be verified because the public key is not available: NO_PUBKEY 23F3D4EA75716059
W: Failed to fetch https://ppa.launchpadcontent.net/ubuntu-desktop/ubuntu-make/ubuntu/dists/jammy/InRelease  Cannot initiate the connection to ppa.launchpadcontent.net:443 (2620:2d:4000:1::3e). - connect (101: Network is unreachable)
W: Some index files failed to download. They have been ignored, or old ones used instead.
Waiting for cache lock: Could not get lock /var/lib/dpkg/lock-frontend. It is held by process 8460 (unattended-upgr)      
Waiting for cache lock: Could not get lock /var/lib/dpkg/lock-frontend. It is held by process 8460 (unattended-upgr)      
Waiting for cache lock: Could not get lock /var/lib/dpkg/lock-frontend. It is held by process 8460 (unattended-upgr)      
Waiting for cache lock: Could not get lock /var/lib/dpkg/lock-frontend. It is held by process 8460 (unattended-upgr)      
Waiting for cache lock: Could not get lock /var/lib/dpkg/lock-frontend. It is held by process 8460 (unattended-upgr)      
Waiting for cache lock: Could not get lock /var/lib/dpkg/lock-frontend. It is held by process 8460 (unattended-upgr)      
Waiting for cache lock: Could not get lock /var/lib/dpkg/lock-frontend. It is held by process 8460 (unattended-upgr)      
Waiting for cache lock: Could not get lock /var/lib/dpkg/lock-frontend. It is held by process 8460 (unattended-upgr)      
Waiting for cache lock: Could not get lock /var/lib/dpkg/lock-frontend. It is held by process 8460 (unattended-upgr)      
Waiting for cache lock: Could not get lock /var/lib/dpkg/lock-frontend. It is held by process 8460 (unattended-upgr)      
Waiting for cache lock: Could not get lock /var/lib/dpkg/lock-frontend. It is held by process 8460 (unattended-upgr)       
Waiting for cache lock: Could not get lock /var/lib/dpkg/lock-frontend. It is held by process 8460 (unattended-upgr)       
Waiting for cache lock: Could not get lock /var/lib/dpkg/lock-frontend. It is held by process 8460 (unattended-upgr)       
Waiting for cache lock: Could not get lock /var/lib/dpkg/lock-frontend. It is held by process 8460 (unattended-upgr)       
Waiting for cache lock: Could not get lock /var/lib/dpkg/lock-frontend. It is held by process 8460 (unattended-upgr)       
Waiting for cache lock: Could not get lock /var/lib/dpkg/lock-frontend. It is held by process 8460 (unattended-upgr)       
Waiting for cache lock: Could not get lock /var/lib/dpkg/lock-frontend. It is held by process 8460 (unattended-upgr)       
Waiting for cache lock: Could not get lock /var/lib/dpkg/lock-frontend. It is held by process 8460 (unattended-upgr)       
Waiting for cache lock: Could not get lock /var/lib/dpkg/lock-frontend. It is held by process 8460 (unattended-upgr)       
Waiting for cache lock: Could not get lock /var/lib/dpkg/lock-frontend. It is held by process 8460 (unattended-upgr)       
Waiting for cache lock: Could not get lock /var/lib/dpkg/lock-frontend. It is held by process 8460 (unattended-upgr)       
Waiting for cache lock: Could not get lock /var/lib/dpkg/lock-frontend. It is held by process 8460 (unattended-upgr)       
Waiting for cache lock: Could not get lock /var/lib/dpkg/lock-frontend. It is held by process 8460 (unattended-upgr)       
Waiting for cache lock: Could not get lock /var/lib/dpkg/lock-frontend. It is held by process 8460 (unattended-upgr)       
Waiting for cache lock: Could not get lock /var/lib/dpkg/lock-frontend. It is held by process 8460 (unattended-upgr)       
Waiting for cache lock: Could not get lock /var/lib/dpkg/lock-frontend. It is held by process 8460 (unattended-upgr)       
Waiting for cache lock: Could not get lock /var/lib/dpkg/lock-frontend. It is held by process 8460 (unattended-upgr)       
Waiting for cache lock: Could not get lock /var/lib/dpkg/lock-frontend. It is held by process 8460 (unattended-upgr)       
Waiting for cache lock: Could not get lock /var/lib/dpkg/lock-frontend. It is held by process 8460 (unattended-upgr)       
Waiting for cache lock: Could not get lock /var/lib/dpkg/lock-frontend. It is held by process 8460 (unattended-upgr)       
Waiting for cache lock: Could not get lock /var/lib/dpkg/lock-frontend. It is held by process 8460 (unattended-upgr)       
Waiting for cache lock: Could not get lock /var/lib/dpkg/lock-frontend. It is held by process 8460 (unattended-upgr)       
Waiting for cache lock: Could not get lock /var/lib/dpkg/lock-frontend. It is held by process 8460 (unattended-upgr)       
Waiting for cache lock: Could not get lock /var/lib/dpkg/lock-frontend. It is held by process 8460 (unattended-upgr)       
Waiting for cache lock: Could not get lock /var/lib/dpkg/lock-frontend. It is held by process 8460 (unattended-upgr)       
Waiting for cache lock: Could not get lock /var/lib/dpkg/lock-frontend. It is held by process 8460 (unattended-upgr)       
Waiting for cache lock: Could not get lock /var/lib/dpkg/lock-frontend. It is held by process 8460 (unattended-upgr)       
Reading package lists... Done                                                                                       
Building dependency tree... Done
Reading state information... Done
The following additional packages will be installed:
  apache2 apache2-bin apache2-data apache2-utils libapache2-mod-wsgi-py3 libapr1 libaprutil1 libaprutil1-dbd-sqlite3 libaprutil1-ldap pgadmin4-desktop pgadmin4-server
  pgadmin4-web
Suggested packages:
  apache2-doc apache2-suexec-pristine | apache2-suexec-custom
The following NEW packages will be installed:
  apache2 apache2-bin apache2-data apache2-utils libapache2-mod-wsgi-py3 libapr1 libaprutil1 libaprutil1-dbd-sqlite3 libaprutil1-ldap pgadmin4 pgadmin4-desktop pgadmin4-server
  pgadmin4-web
0 upgraded, 13 newly installed, 0 to remove and 280 not upgraded.
Need to get 202 MB of archives.
After this operation, 8,010 kB of additional disk space will be used.
Do you want to continue? [Y/n] Y
Get:1 https://ftp.postgresql.org/pub/pgadmin/pgadmin4/apt/jammy pgadmin4/main amd64 pgadmin4-server amd64 7.3 [89.8 MB]
Get:2 http://in.archive.ubuntu.com/ubuntu jammy-updates/main amd64 libapr1 amd64 1.7.0-8ubuntu0.22.04.1 [108 kB]
Get:3 http://in.archive.ubuntu.com/ubuntu jammy-updates/main amd64 libaprutil1 amd64 1.6.1-5ubuntu4.22.04.1 [92.6 kB]                                                             
Get:4 http://in.archive.ubuntu.com/ubuntu jammy-updates/main amd64 libaprutil1-dbd-sqlite3 amd64 1.6.1-5ubuntu4.22.04.1 [11.3 kB]                                                 
Get:5 http://in.archive.ubuntu.com/ubuntu jammy-updates/main amd64 libaprutil1-ldap amd64 1.6.1-5ubuntu4.22.04.1 [9,168 B]                                                        
Get:6 http://in.archive.ubuntu.com/ubuntu jammy-updates/main amd64 apache2-bin amd64 2.4.52-1ubuntu4.5 [1,345 kB]                                                                 
Get:7 http://in.archive.ubuntu.com/ubuntu jammy-updates/main amd64 apache2-data all 2.4.52-1ubuntu4.5 [165 kB]                                                                    
Get:8 http://in.archive.ubuntu.com/ubuntu jammy-updates/main amd64 apache2-utils amd64 2.4.52-1ubuntu4.5 [89.1 kB]                                                                
Get:9 http://in.archive.ubuntu.com/ubuntu jammy-updates/main amd64 apache2 amd64 2.4.52-1ubuntu4.5 [97.8 kB]                                                                      
Get:10 http://in.archive.ubuntu.com/ubuntu jammy-updates/main amd64 libapache2-mod-wsgi-py3 amd64 4.9.0-1ubuntu0.1 [106 kB]                                                       
Get:11 https://ftp.postgresql.org/pub/pgadmin/pgadmin4/apt/jammy pgadmin4/main amd64 pgadmin4-desktop amd64 7.3 [110 MB]                                                          
Get:12 https://ftp.postgresql.org/pub/pgadmin/pgadmin4/apt/jammy pgadmin4/main all pgadmin4-web all 7.3 [2,548 B]                                                                 
Get:13 https://ftp.postgresql.org/pub/pgadmin/pgadmin4/apt/jammy pgadmin4/main all pgadmin4 all 7.3 [670 B]                                                                       
Fetched 202 MB in 60s (3,341 kB/s)                                                                                                                                                
Selecting previously unselected package libapr1:amd64.
(Reading database ... 221241 files and directories currently installed.)
Preparing to unpack .../00-libapr1_1.7.0-8ubuntu0.22.04.1_amd64.deb ...
Unpacking libapr1:amd64 (1.7.0-8ubuntu0.22.04.1) ...
Selecting previously unselected package libaprutil1:amd64.
Preparing to unpack .../01-libaprutil1_1.6.1-5ubuntu4.22.04.1_amd64.deb ...
Unpacking libaprutil1:amd64 (1.6.1-5ubuntu4.22.04.1) ...
Selecting previously unselected package libaprutil1-dbd-sqlite3:amd64.
Preparing to unpack .../02-libaprutil1-dbd-sqlite3_1.6.1-5ubuntu4.22.04.1_amd64.deb ...
Unpacking libaprutil1-dbd-sqlite3:amd64 (1.6.1-5ubuntu4.22.04.1) ...
Selecting previously unselected package libaprutil1-ldap:amd64.
Preparing to unpack .../03-libaprutil1-ldap_1.6.1-5ubuntu4.22.04.1_amd64.deb ...
Unpacking libaprutil1-ldap:amd64 (1.6.1-5ubuntu4.22.04.1) ...
Selecting previously unselected package apache2-bin.
Preparing to unpack .../04-apache2-bin_2.4.52-1ubuntu4.5_amd64.deb ...
Unpacking apache2-bin (2.4.52-1ubuntu4.5) ...
Selecting previously unselected package apache2-data.
Preparing to unpack .../05-apache2-data_2.4.52-1ubuntu4.5_all.deb ...
Unpacking apache2-data (2.4.52-1ubuntu4.5) ...
Selecting previously unselected package apache2-utils.
Preparing to unpack .../06-apache2-utils_2.4.52-1ubuntu4.5_amd64.deb ...
Unpacking apache2-utils (2.4.52-1ubuntu4.5) ...
Selecting previously unselected package apache2.
Preparing to unpack .../07-apache2_2.4.52-1ubuntu4.5_amd64.deb ...
Unpacking apache2 (2.4.52-1ubuntu4.5) ...
Selecting previously unselected package libapache2-mod-wsgi-py3.
Preparing to unpack .../08-libapache2-mod-wsgi-py3_4.9.0-1ubuntu0.1_amd64.deb ...
Unpacking libapache2-mod-wsgi-py3 (4.9.0-1ubuntu0.1) ...
Selecting previously unselected package pgadmin4-server.
Preparing to unpack .../09-pgadmin4-server_7.3_amd64.deb ...
Unpacking pgadmin4-server (7.3) ...
Selecting previously unselected package pgadmin4-desktop.
Preparing to unpack .../10-pgadmin4-desktop_7.3_amd64.deb ...
Unpacking pgadmin4-desktop (7.3) ...
Selecting previously unselected package pgadmin4-web.
Preparing to unpack .../11-pgadmin4-web_7.3_all.deb ...
Unpacking pgadmin4-web (7.3) ...
Selecting previously unselected package pgadmin4.
Preparing to unpack .../12-pgadmin4_7.3_all.deb ...
Unpacking pgadmin4 (7.3) ...
Setting up pgadmin4-server (7.3) ...
Setting up libapr1:amd64 (1.7.0-8ubuntu0.22.04.1) ...
Setting up pgadmin4-desktop (7.3) ...
Setting up apache2-data (2.4.52-1ubuntu4.5) ...
Setting up libaprutil1:amd64 (1.6.1-5ubuntu4.22.04.1) ...
Setting up libaprutil1-ldap:amd64 (1.6.1-5ubuntu4.22.04.1) ...
Setting up libaprutil1-dbd-sqlite3:amd64 (1.6.1-5ubuntu4.22.04.1) ...
Setting up apache2-utils (2.4.52-1ubuntu4.5) ...
Setting up apache2-bin (2.4.52-1ubuntu4.5) ...
Setting up apache2 (2.4.52-1ubuntu4.5) ...
Enabling module mpm_event.
Enabling module authz_core.
Enabling module authz_host.
Enabling module authn_core.
Enabling module auth_basic.
Enabling module access_compat.
Enabling module authn_file.
Enabling module authz_user.
Enabling module alias.
Enabling module dir.
Enabling module autoindex.
Enabling module env.
Enabling module mime.
Enabling module negotiation.
Enabling module setenvif.
Enabling module filter.
Enabling module deflate.
Enabling module status.
Enabling module reqtimeout.
Enabling conf charset.
Enabling conf localized-error-pages.
Enabling conf other-vhosts-access-log.
Enabling conf security.
Enabling conf serve-cgi-bin.
Enabling site 000-default.
Created symlink /etc/systemd/system/multi-user.target.wants/apache2.service → /lib/systemd/system/apache2.service.
Created symlink /etc/systemd/system/multi-user.target.wants/apache-htcacheclean.service → /lib/systemd/system/apache-htcacheclean.service.
Setting up libapache2-mod-wsgi-py3 (4.9.0-1ubuntu0.1) ...
apache2_invoke: Enable module wsgi
Setting up pgadmin4-web (7.3) ...
Setting up pgadmin4 (7.3) ...
Processing triggers for mailcap (3.70+nmu1ubuntu1) ...
Processing triggers for desktop-file-utils (0.26-1ubuntu3) ...
Processing triggers for hicolor-icon-theme (0.17-2) ...
Processing triggers for gnome-menus (3.36.0-1ubuntu3) ...
Processing triggers for libc-bin (2.35-0ubuntu3) ...
Processing triggers for ufw (0.36.1-4build1) ...
Processing triggers for man-db (2.10.2-1) ...
jaffrey@diffengine:~/research/irrelevant_data_access$ sudo /usr/pgadmin4/bin/setup-web.sh
Setting up pgAdmin 4 in web mode on a Debian based platform...
Creating configuration database...
NOTE: Configuring authentication for SERVER mode.

Enter the email address and password to use for the initial pgAdmin user account:

Email address: jaff@test.com
Password: 
Retype password:
Password must be at least 6 characters. Please try again.
Password: 
Retype password:
pgAdmin 4 - Application Initialisation
======================================

Creating storage and log directories...
We can now configure the Apache Web server for you. This involves enabling the wsgi module and configuring the pgAdmin 4 application to mount at /pgadmin4. Do you wish to continue (y/n)? y
The Apache web server is running and must be restarted for the pgAdmin 4 installation to complete. Continue (y/n)? y
Apache successfully restarted. You can now start using pgAdmin 4 in web mode at http://127.0.0.1/pgadmin4